2024-07-03 13:39:16 ERROR MDSoft.Tracking.API.Program.<Main>$ - Program has stopped!
EXCEPTION OCCURRED:Microsoft.Extensions.Hosting.HostAbortedException The host was aborted. Void ThrowHostAborted()    at Microsoft.Extensions.Hosting.HostFactoryResolver.HostingListener.ThrowHostAborted()
   at Microsoft.Extensions.Hosting.HostFactoryResolver.HostingListener.OnNext(KeyValuePair`2 value)
   at System.Diagnostics.DiagnosticListener.Write(String name, Object value)
   at Microsoft.Extensions.Hosting.HostBuilder.ResolveHost(IServiceProvider serviceProvider, DiagnosticListener diagnosticListener)
   at Microsoft.Extensions.Hosting.HostApplicationBuilder.Build()
   at Microsoft.AspNetCore.Builder.WebApplicationBuilder.Build()
   at Program.<Main>$(String[] args) in D:\Emanon\MDSoft - Milquiades\App\MDSoft.Tracking\MDSoft.API\Program.cs:line 68
2024-07-03 14:31:22 ERROR MDSoft.API.Controllers.ComprasProductosController.GetProductInCompraByReference - Void ThrowIfExceptional(Boolean) One or more errors occurred. (An exception was thrown while attempting to evaluate a LINQ query parameter expression. See the inner exception for more information. To show additional information call 'DbContextOptionsBuilder.EnableSensitiveDataLogging'.)
2024-07-03 14:31:32 ERROR Microsoft.AspNetCore.Diagnostics.DeveloperExceptionPageMiddlewareImpl.Invoke - An unhandled exception has occurred while executing the request.
EXCEPTION OCCURRED:System.InvalidOperationException An exception was thrown while attempting to evaluate a LINQ query parameter expression. See the inner exception for more information. To show additional information call 'DbContextOptionsBuilder.EnableSensitiveDataLogging'. System.Object GetValue(System.Linq.Expressions.Expression, System.String ByRef)    at Microsoft.EntityFrameworkCore.Query.Internal.ParameterExtractingExpressionVisitor.GetValue(Expression expression, String& parameterName)
   at Microsoft.EntityFrameworkCore.Query.Internal.ParameterExtractingExpressionVisitor.Evaluate(Expression expression, Boolean generateParameter)
   at Microsoft.EntityFrameworkCore.Query.Internal.ParameterExtractingExpressionVisitor.Visit(Expression expression)
   at System.Linq.Expressions.ExpressionVisitor.VisitBinary(BinaryExpression node)
   at Microsoft.EntityFrameworkCore.Query.Internal.ParameterExtractingExpressionVisitor.VisitBinary(BinaryExpression binaryExpression)
   at Microsoft.EntityFrameworkCore.Query.Internal.ParameterExtractingExpressionVisitor.Visit(Expression expression)
   at System.Linq.Expressions.ExpressionVisitor.VisitLambda[T](Expression`1 node)
   at Microsoft.EntityFrameworkCore.Query.Internal.ParameterExtractingExpressionVisitor.Visit(Expression expression)
   at System.Linq.Expressions.ExpressionVisitor.VisitUnary(UnaryExpression node)
   at Microsoft.EntityFrameworkCore.Query.Internal.ParameterExtractingExpressionVisitor.Visit(Expression expression)
   at System.Dynamic.Utils.ExpressionVisitorUtils.VisitArguments(ExpressionVisitor visitor, IArgumentProvider nodes)
   at System.Linq.Expressions.ExpressionVisitor.VisitMethodCall(MethodCallExpression node)
   at Microsoft.EntityFrameworkCore.Query.Internal.ParameterExtractingExpressionVisitor.Visit(Expression expression)
   at System.Dynamic.Utils.ExpressionVisitorUtils.VisitArguments(ExpressionVisitor visitor, IArgumentProvider nodes)
   at System.Linq.Expressions.ExpressionVisitor.VisitMethodCall(MethodCallExpression node)
   at Microsoft.EntityFrameworkCore.Query.Internal.ParameterExtractingExpressionVisitor.Visit(Expression expression)
   at System.Dynamic.Utils.ExpressionVisitorUtils.VisitArguments(ExpressionVisitor visitor, IArgumentProvider nodes)
   at System.Linq.Expressions.ExpressionVisitor.VisitMethodCall(MethodCallExpression node)
   at Microsoft.EntityFrameworkCore.Query.Internal.ParameterExtractingExpressionVisitor.Visit(Expression expression)
   at System.Dynamic.Utils.ExpressionVisitorUtils.VisitArguments(ExpressionVisitor visitor, IArgumentProvider nodes)
   at System.Linq.Expressions.ExpressionVisitor.VisitMethodCall(MethodCallExpression node)
   at Microsoft.EntityFrameworkCore.Query.Internal.ParameterExtractingExpressionVisitor.Visit(Expression expression)
   at Microsoft.EntityFrameworkCore.Query.Internal.ParameterExtractingExpressionVisitor.ExtractParameters(Expression expression, Boolean clearEvaluatedValues)
   at Microsoft.EntityFrameworkCore.Query.Internal.ParameterExtractingExpressionVisitor.ExtractParameters(Expression expression)
   at Microsoft.EntityFrameworkCore.Query.Internal.QueryCompiler.ExtractParameters(Expression query, IParameterValues parameterValues, IDiagnosticsLogger`1 logger, Boolean parameterize, Boolean generateContextAccessors)
   at Microsoft.EntityFrameworkCore.Query.Internal.QueryCompiler.ExecuteAsync[TResult](Expression query, CancellationToken cancellationToken)
   at Microsoft.EntityFrameworkCore.Query.Internal.EntityQueryProvider.ExecuteAsync[TResult](Expression expression, CancellationToken cancellationToken)
   at Microsoft.EntityFrameworkCore.Query.Internal.EntityQueryable`1.GetAsyncEnumerator(CancellationToken cancellationToken)
   at System.Runtime.CompilerServices.ConfiguredCancelableAsyncEnumerable`1.GetAsyncEnumerator()
   at Microsoft.EntityFrameworkCore.EntityFrameworkQueryableExtensions.ToListAsync[TSource](IQueryable`1 source, CancellationToken cancellationToken)
   at MDSoft.Data.Repository.Repositorio`1.EncontrarPor(ParametrosDeQuery`1 parametrosDeQuery, String IncluirPropiedades) in D:\Emanon\MDSoft - Milquiades\App\MDSoft.Tracking\MDSoft.Data\Repositorio.cs:line 102
NullReferenceException Object reference not set to an instance of an object. System.Type GetType()
2024-07-03 15:17:51 ERROR MDSoft.API.Controllers.ComprasProductosController.GetProductInCompraByReference - Void ThrowIfExceptional(Boolean) One or more errors occurred. (An exception was thrown while attempting to evaluate a LINQ query parameter expression. See the inner exception for more information. To show additional information call 'DbContextOptionsBuilder.EnableSensitiveDataLogging'.)
2024-07-03 15:18:01 ERROR Microsoft.AspNetCore.Diagnostics.DeveloperExceptionPageMiddlewareImpl.Invoke - An unhandled exception has occurred while executing the request.
EXCEPTION OCCURRED:System.InvalidOperationException An exception was thrown while attempting to evaluate a LINQ query parameter expression. See the inner exception for more information. To show additional information call 'DbContextOptionsBuilder.EnableSensitiveDataLogging'. System.Object GetValue(System.Linq.Expressions.Expression, System.String ByRef)    at Microsoft.EntityFrameworkCore.Query.Internal.ParameterExtractingExpressionVisitor.GetValue(Expression expression, String& parameterName)
   at Microsoft.EntityFrameworkCore.Query.Internal.ParameterExtractingExpressionVisitor.Evaluate(Expression expression, Boolean generateParameter)
   at Microsoft.EntityFrameworkCore.Query.Internal.ParameterExtractingExpressionVisitor.Visit(Expression expression)
   at System.Linq.Expressions.ExpressionVisitor.VisitBinary(BinaryExpression node)
   at Microsoft.EntityFrameworkCore.Query.Internal.ParameterExtractingExpressionVisitor.VisitBinary(BinaryExpression binaryExpression)
   at Microsoft.EntityFrameworkCore.Query.Internal.ParameterExtractingExpressionVisitor.Visit(Expression expression)
   at System.Linq.Expressions.ExpressionVisitor.VisitLambda[T](Expression`1 node)
   at Microsoft.EntityFrameworkCore.Query.Internal.ParameterExtractingExpressionVisitor.Visit(Expression expression)
   at System.Linq.Expressions.ExpressionVisitor.VisitUnary(UnaryExpression node)
   at Microsoft.EntityFrameworkCore.Query.Internal.ParameterExtractingExpressionVisitor.Visit(Expression expression)
   at System.Dynamic.Utils.ExpressionVisitorUtils.VisitArguments(ExpressionVisitor visitor, IArgumentProvider nodes)
   at System.Linq.Expressions.ExpressionVisitor.VisitMethodCall(MethodCallExpression node)
   at Microsoft.EntityFrameworkCore.Query.Internal.ParameterExtractingExpressionVisitor.Visit(Expression expression)
   at System.Dynamic.Utils.ExpressionVisitorUtils.VisitArguments(ExpressionVisitor visitor, IArgumentProvider nodes)
   at System.Linq.Expressions.ExpressionVisitor.VisitMethodCall(MethodCallExpression node)
   at Microsoft.EntityFrameworkCore.Query.Internal.ParameterExtractingExpressionVisitor.Visit(Expression expression)
   at System.Dynamic.Utils.ExpressionVisitorUtils.VisitArguments(ExpressionVisitor visitor, IArgumentProvider nodes)
   at System.Linq.Expressions.ExpressionVisitor.VisitMethodCall(MethodCallExpression node)
   at Microsoft.EntityFrameworkCore.Query.Internal.ParameterExtractingExpressionVisitor.Visit(Expression expression)
   at System.Dynamic.Utils.ExpressionVisitorUtils.VisitArguments(ExpressionVisitor visitor, IArgumentProvider nodes)
   at System.Linq.Expressions.ExpressionVisitor.VisitMethodCall(MethodCallExpression node)
   at Microsoft.EntityFrameworkCore.Query.Internal.ParameterExtractingExpressionVisitor.Visit(Expression expression)
   at Microsoft.EntityFrameworkCore.Query.Internal.ParameterExtractingExpressionVisitor.ExtractParameters(Expression expression, Boolean clearEvaluatedValues)
   at Microsoft.EntityFrameworkCore.Query.Internal.ParameterExtractingExpressionVisitor.ExtractParameters(Expression expression)
   at Microsoft.EntityFrameworkCore.Query.Internal.QueryCompiler.ExtractParameters(Expression query, IParameterValues parameterValues, IDiagnosticsLogger`1 logger, Boolean parameterize, Boolean generateContextAccessors)
   at Microsoft.EntityFrameworkCore.Query.Internal.QueryCompiler.ExecuteAsync[TResult](Expression query, CancellationToken cancellationToken)
   at Microsoft.EntityFrameworkCore.Query.Internal.EntityQueryProvider.ExecuteAsync[TResult](Expression expression, CancellationToken cancellationToken)
   at Microsoft.EntityFrameworkCore.Query.Internal.EntityQueryable`1.GetAsyncEnumerator(CancellationToken cancellationToken)
   at System.Runtime.CompilerServices.ConfiguredCancelableAsyncEnumerable`1.GetAsyncEnumerator()
   at Microsoft.EntityFrameworkCore.EntityFrameworkQueryableExtensions.ToListAsync[TSource](IQueryable`1 source, CancellationToken cancellationToken)
   at MDSoft.Data.Repository.Repositorio`1.EncontrarPor(ParametrosDeQuery`1 parametrosDeQuery, String IncluirPropiedades) in D:\Emanon\MDSoft - Milquiades\App\MDSoft.Tracking\MDSoft.Data\Repositorio.cs:line 102
NullReferenceException Object reference not set to an instance of an object. System.Type GetType()
2024-07-03 15:19:42 ERROR MDSoft.API.Controllers.ComprasProductosController.GetProductInCompraByReference - Void ThrowIfExceptional(Boolean) One or more errors occurred. (An exception was thrown while attempting to evaluate a LINQ query parameter expression. See the inner exception for more information. To show additional information call 'DbContextOptionsBuilder.EnableSensitiveDataLogging'.)
2024-07-03 15:19:52 ERROR Microsoft.AspNetCore.Diagnostics.DeveloperExceptionPageMiddlewareImpl.Invoke - An unhandled exception has occurred while executing the request.
EXCEPTION OCCURRED:System.InvalidOperationException An exception was thrown while attempting to evaluate a LINQ query parameter expression. See the inner exception for more information. To show additional information call 'DbContextOptionsBuilder.EnableSensitiveDataLogging'. System.Object GetValue(System.Linq.Expressions.Expression, System.String ByRef)    at Microsoft.EntityFrameworkCore.Query.Internal.ParameterExtractingExpressionVisitor.GetValue(Expression expression, String& parameterName)
   at Microsoft.EntityFrameworkCore.Query.Internal.ParameterExtractingExpressionVisitor.Evaluate(Expression expression, Boolean generateParameter)
   at Microsoft.EntityFrameworkCore.Query.Internal.ParameterExtractingExpressionVisitor.Visit(Expression expression)
   at System.Linq.Expressions.ExpressionVisitor.VisitBinary(BinaryExpression node)
   at Microsoft.EntityFrameworkCore.Query.Internal.ParameterExtractingExpressionVisitor.VisitBinary(BinaryExpression binaryExpression)
   at Microsoft.EntityFrameworkCore.Query.Internal.ParameterExtractingExpressionVisitor.Visit(Expression expression)
   at System.Linq.Expressions.ExpressionVisitor.VisitLambda[T](Expression`1 node)
   at Microsoft.EntityFrameworkCore.Query.Internal.ParameterExtractingExpressionVisitor.Visit(Expression expression)
   at System.Linq.Expressions.ExpressionVisitor.VisitUnary(UnaryExpression node)
   at Microsoft.EntityFrameworkCore.Query.Internal.ParameterExtractingExpressionVisitor.Visit(Expression expression)
   at System.Dynamic.Utils.ExpressionVisitorUtils.VisitArguments(ExpressionVisitor visitor, IArgumentProvider nodes)
   at System.Linq.Expressions.ExpressionVisitor.VisitMethodCall(MethodCallExpression node)
   at Microsoft.EntityFrameworkCore.Query.Internal.ParameterExtractingExpressionVisitor.Visit(Expression expression)
   at System.Dynamic.Utils.ExpressionVisitorUtils.VisitArguments(ExpressionVisitor visitor, IArgumentProvider nodes)
   at System.Linq.Expressions.ExpressionVisitor.VisitMethodCall(MethodCallExpression node)
   at Microsoft.EntityFrameworkCore.Query.Internal.ParameterExtractingExpressionVisitor.Visit(Expression expression)
   at System.Dynamic.Utils.ExpressionVisitorUtils.VisitArguments(ExpressionVisitor visitor, IArgumentProvider nodes)
   at System.Linq.Expressions.ExpressionVisitor.VisitMethodCall(MethodCallExpression node)
   at Microsoft.EntityFrameworkCore.Query.Internal.ParameterExtractingExpressionVisitor.Visit(Expression expression)
   at System.Dynamic.Utils.ExpressionVisitorUtils.VisitArguments(ExpressionVisitor visitor, IArgumentProvider nodes)
   at System.Linq.Expressions.ExpressionVisitor.VisitMethodCall(MethodCallExpression node)
   at Microsoft.EntityFrameworkCore.Query.Internal.ParameterExtractingExpressionVisitor.Visit(Expression expression)
   at Microsoft.EntityFrameworkCore.Query.Internal.ParameterExtractingExpressionVisitor.ExtractParameters(Expression expression, Boolean clearEvaluatedValues)
   at Microsoft.EntityFrameworkCore.Query.Internal.ParameterExtractingExpressionVisitor.ExtractParameters(Expression expression)
   at Microsoft.EntityFrameworkCore.Query.Internal.QueryCompiler.ExtractParameters(Expression query, IParameterValues parameterValues, IDiagnosticsLogger`1 logger, Boolean parameterize, Boolean generateContextAccessors)
   at Microsoft.EntityFrameworkCore.Query.Internal.QueryCompiler.ExecuteAsync[TResult](Expression query, CancellationToken cancellationToken)
   at Microsoft.EntityFrameworkCore.Query.Internal.EntityQueryProvider.ExecuteAsync[TResult](Expression expression, CancellationToken cancellationToken)
   at Microsoft.EntityFrameworkCore.Query.Internal.EntityQueryable`1.GetAsyncEnumerator(CancellationToken cancellationToken)
   at System.Runtime.CompilerServices.ConfiguredCancelableAsyncEnumerable`1.GetAsyncEnumerator()
   at Microsoft.EntityFrameworkCore.EntityFrameworkQueryableExtensions.ToListAsync[TSource](IQueryable`1 source, CancellationToken cancellationToken)
   at MDSoft.Data.Repository.Repositorio`1.EncontrarPor(ParametrosDeQuery`1 parametrosDeQuery, String IncluirPropiedades) in D:\Emanon\MDSoft - Milquiades\App\MDSoft.Tracking\MDSoft.Data\Repositorio.cs:line 102
NullReferenceException Object reference not set to an instance of an object. System.Type GetType()
2024-07-03 16:09:00 ERROR Microsoft.AspNetCore.Diagnostics.DeveloperExceptionPageMiddlewareImpl.Invoke - An unhandled exception has occurred while executing the request.
EXCEPTION OCCURRED:AutoMapper.AutoMapperMappingException Error mapping types.

Mapping types:
RecepcionesCompraDTO -> RecepcionesCompra
MDSoft.Tracking.Services.DTO.RecepcionesCompraDTO -> MDSoft.Tracking.Model.RecepcionesCompra

Type Map configuration:
RecepcionesCompraDTO -> RecepcionesCompra
MDSoft.Tracking.Services.DTO.RecepcionesCompraDTO -> MDSoft.Tracking.Model.RecepcionesCompra

Destination Member:
RecEstado
 MDSoft.Tracking.Model.RecepcionesCompra lambda_method400(System.Runtime.CompilerServices.Closure, System.Object, MDSoft.Tracking.Model.RecepcionesCompra, AutoMapper.ResolutionContext)    at lambda_method400(Closure, Object, RecepcionesCompra, ResolutionContext)
   at MDSoft.Tracking.Services.RecepcionServices.Guardar(RecepcionesCompraDTO recepcionCompra) in D:\Emanon\MDSoft - Milquiades\App\MDSoft.Tracking\MDSoft.Services\RecepcionServices.cs:line 107
   at MDSoft.Tracking.Services.RecepcionServices.GuradarDetalle(RecepcionesComprasDetalleDTO recepcionDetalle) in D:\Emanon\MDSoft - Milquiades\App\MDSoft.Tracking\MDSoft.Services\RecepcionServices.cs:line 257
   at MDSoft.API.Controllers.RecepcionController.GuardarDetalle(RecepcionesComprasDetalleDTO recepcionCompraDetalle) in D:\Emanon\MDSoft - Milquiades\App\MDSoft.Tracking\MDSoft.API\Controllers\RecepcionController.cs:line 152
   at lambda_method132(Closure, Object)
   at Microsoft.AspNetCore.Mvc.Infrastructure.ActionMethodExecutor.AwaitableObjectResultExecutor.Execute(ActionContext actionContext, IActionResultTypeMapper mapper, ObjectMethodExecutor executor, Object controller, Object[] arguments)
   at Microsoft.AspNetCore.Mvc.Infrastructure.ControllerActionInvoker.<InvokeActionMethodAsync>g__Awaited|12_0(ControllerActionInvoker invoker, ValueTask`1 actionResultValueTask)
   at Microsoft.AspNetCore.Mvc.Infrastructure.ControllerActionInvoker.<InvokeNextActionFilterAsync>g__Awaited|10_0(ControllerActionInvoker invoker, Task lastTask, State next, Scope scope, Object state, Boolean isCompleted)
   at Microsoft.AspNetCore.Mvc.Infrastructure.ControllerActionInvoker.Rethrow(ActionExecutedContextSealed context)
   at Microsoft.AspNetCore.Mvc.Infrastructure.ControllerActionInvoker.Next(State& next, Scope& scope, Object& state, Boolean& isCompleted)
   at Microsoft.AspNetCore.Mvc.Infrastructure.ControllerActionInvoker.<InvokeInnerFilterAsync>g__Awaited|13_0(ControllerActionInvoker invoker, Task lastTask, State next, Scope scope, Object state, Boolean isCompleted)
   at Microsoft.AspNetCore.Mvc.Infrastructure.ResourceInvoker.<InvokeFilterPipelineAsync>g__Awaited|20_0(ResourceInvoker invoker, Task lastTask, State next, Scope scope, Object state, Boolean isCompleted)
   at Microsoft.AspNetCore.Mvc.Infrastructure.ResourceInvoker.<InvokeAsync>g__Awaited|17_0(ResourceInvoker invoker, Task task, IDisposable scope)
   at Microsoft.AspNetCore.Mvc.Infrastructure.ResourceInvoker.<InvokeAsync>g__Awaited|17_0(ResourceInvoker invoker, Task task, IDisposable scope)
   at Microsoft.AspNetCore.Routing.EndpointMiddleware.<Invoke>g__AwaitRequestTask|6_0(Endpoint endpoint, Task requestTask, ILogger logger)
   at Microsoft.AspNetCore.Authorization.AuthorizationMiddleware.Invoke(HttpContext context)
   at Microsoft.AspNetCore.Authorization.AuthorizationMiddleware.Invoke(HttpContext context)
   at Swashbuckle.AspNetCore.SwaggerUI.SwaggerUIMiddleware.Invoke(HttpContext httpContext)
   at Swashbuckle.AspNetCore.Swagger.SwaggerMiddleware.Invoke(HttpContext httpContext, ISwaggerProvider swaggerProvider)
   at Microsoft.AspNetCore.Authentication.AuthenticationMiddleware.Invoke(HttpContext context)
   at Microsoft.AspNetCore.Diagnostics.DeveloperExceptionPageMiddlewareImpl.Invoke(HttpContext context)
FormatException The input string 'Prac' was not in a correct format. Void ThrowOverflowOrFormatException(ParsingStatus, System.ReadOnlySpan`1[System.Char], System.TypeCode)
2024-07-03 16:29:37 ERROR Microsoft.AspNetCore.Diagnostics.DeveloperExceptionPageMiddlewareImpl.Invoke - An unhandled exception has occurred while executing the request.
EXCEPTION OCCURRED:Microsoft.EntityFrameworkCore.DbUpdateException An error occurred while saving the entity changes. See the inner exception for details. Void MoveNext()    at Microsoft.EntityFrameworkCore.Update.ReaderModificationCommandBatch.ExecuteAsync(IRelationalConnection connection, CancellationToken cancellationToken)
   at Microsoft.EntityFrameworkCore.SqlServer.Update.Internal.SqlServerModificationCommandBatch.ExecuteAsync(IRelationalConnection connection, CancellationToken cancellationToken)
   at Microsoft.EntityFrameworkCore.Update.Internal.BatchExecutor.ExecuteAsync(IEnumerable`1 commandBatches, IRelationalConnection connection, CancellationToken cancellationToken)
   at Microsoft.EntityFrameworkCore.Update.Internal.BatchExecutor.ExecuteAsync(IEnumerable`1 commandBatches, IRelationalConnection connection, CancellationToken cancellationToken)
   at Microsoft.EntityFrameworkCore.Update.Internal.BatchExecutor.ExecuteAsync(IEnumerable`1 commandBatches, IRelationalConnection connection, CancellationToken cancellationToken)
   at Microsoft.EntityFrameworkCore.ChangeTracking.Internal.StateManager.SaveChangesAsync(IList`1 entriesToSave, CancellationToken cancellationToken)
   at Microsoft.EntityFrameworkCore.ChangeTracking.Internal.StateManager.SaveChangesAsync(StateManager stateManager, Boolean acceptAllChangesOnSuccess, CancellationToken cancellationToken)
   at Microsoft.EntityFrameworkCore.SqlServer.Storage.Internal.SqlServerExecutionStrategy.ExecuteAsync[TState,TResult](TState state, Func`4 operation, Func`4 verifySucceeded, CancellationToken cancellationToken)
   at Microsoft.EntityFrameworkCore.DbContext.SaveChangesAsync(Boolean acceptAllChangesOnSuccess, CancellationToken cancellationToken)
   at Microsoft.EntityFrameworkCore.DbContext.SaveChangesAsync(Boolean acceptAllChangesOnSuccess, CancellationToken cancellationToken)
   at MDSoft.Data.Repository.Repositorio`1.Agregar(T entidad) in D:\Emanon\MDSoft - Milquiades\App\MDSoft.Tracking\MDSoft.Data\Repositorio.cs:line 51
   at MDSoft.Tracking.Services.RecepcionServices.GuradarDetalle(RecepcionesComprasDetalleDTO recepcionDetalle) in D:\Emanon\MDSoft - Milquiades\App\MDSoft.Tracking\MDSoft.Services\RecepcionServices.cs:line 237
   at MDSoft.API.Controllers.RecepcionController.GuardarDetalle(RecepcionesComprasDetalleDTO recepcionCompraDetalle) in D:\Emanon\MDSoft - Milquiades\App\MDSoft.Tracking\MDSoft.API\Controllers\RecepcionController.cs:line 152
   at lambda_method77(Closure, Object)
   at Microsoft.AspNetCore.Mvc.Infrastructure.ActionMethodExecutor.AwaitableObjectResultExecutor.Execute(ActionContext actionContext, IActionResultTypeMapper mapper, ObjectMethodExecutor executor, Object controller, Object[] arguments)
   at Microsoft.AspNetCore.Mvc.Infrastructure.ControllerActionInvoker.<InvokeActionMethodAsync>g__Awaited|12_0(ControllerActionInvoker invoker, ValueTask`1 actionResultValueTask)
   at Microsoft.AspNetCore.Mvc.Infrastructure.ControllerActionInvoker.<InvokeNextActionFilterAsync>g__Awaited|10_0(ControllerActionInvoker invoker, Task lastTask, State next, Scope scope, Object state, Boolean isCompleted)
   at Microsoft.AspNetCore.Mvc.Infrastructure.ControllerActionInvoker.Rethrow(ActionExecutedContextSealed context)
   at Microsoft.AspNetCore.Mvc.Infrastructure.ControllerActionInvoker.Next(State& next, Scope& scope, Object& state, Boolean& isCompleted)
   at Microsoft.AspNetCore.Mvc.Infrastructure.ControllerActionInvoker.<InvokeInnerFilterAsync>g__Awaited|13_0(ControllerActionInvoker invoker, Task lastTask, State next, Scope scope, Object state, Boolean isCompleted)
   at Microsoft.AspNetCore.Mvc.Infrastructure.ResourceInvoker.<InvokeFilterPipelineAsync>g__Awaited|20_0(ResourceInvoker invoker, Task lastTask, State next, Scope scope, Object state, Boolean isCompleted)
   at Microsoft.AspNetCore.Mvc.Infrastructure.ResourceInvoker.<InvokeAsync>g__Awaited|17_0(ResourceInvoker invoker, Task task, IDisposable scope)
   at Microsoft.AspNetCore.Mvc.Infrastructure.ResourceInvoker.<InvokeAsync>g__Awaited|17_0(ResourceInvoker invoker, Task task, IDisposable scope)
   at Microsoft.AspNetCore.Routing.EndpointMiddleware.<Invoke>g__AwaitRequestTask|6_0(Endpoint endpoint, Task requestTask, ILogger logger)
   at Microsoft.AspNetCore.Authorization.AuthorizationMiddleware.Invoke(HttpContext context)
   at Microsoft.AspNetCore.Authorization.AuthorizationMiddleware.Invoke(HttpContext context)
   at Swashbuckle.AspNetCore.SwaggerUI.SwaggerUIMiddleware.Invoke(HttpContext httpContext)
   at Swashbuckle.AspNetCore.Swagger.SwaggerMiddleware.Invoke(HttpContext httpContext, ISwaggerProvider swaggerProvider)
   at Microsoft.AspNetCore.Authentication.AuthenticationMiddleware.Invoke(HttpContext context)
   at Microsoft.AspNetCore.Diagnostics.DeveloperExceptionPageMiddlewareImpl.Invoke(HttpContext context)
SqlException Violation of PRIMARY KEY constraint 'PK__LotesFer__303FB8CC9F3BA22D'. Cannot insert duplicate key in object 'dbo.LotesFermentacionDetalle'. The duplicate key value is (111111111111, 1).
The statement has been terminated. System.Data.Common.DbDataReader <ExecuteDbDataReaderAsync>b__211_0(System.Threading.Tasks.Task`1[Microsoft.Data.SqlClient.SqlDataReader])
2024-07-03 16:31:27 ERROR MDSoft.API.Controllers.ComprasProductosController.GetProductInCompraByReference - Void ThrowIfExceptional(Boolean) One or more errors occurred. (An exception was thrown while attempting to evaluate a LINQ query parameter expression. See the inner exception for more information. To show additional information call 'DbContextOptionsBuilder.EnableSensitiveDataLogging'.)
2024-07-03 16:31:37 ERROR Microsoft.AspNetCore.Diagnostics.DeveloperExceptionPageMiddlewareImpl.Invoke - An unhandled exception has occurred while executing the request.
EXCEPTION OCCURRED:System.InvalidOperationException An exception was thrown while attempting to evaluate a LINQ query parameter expression. See the inner exception for more information. To show additional information call 'DbContextOptionsBuilder.EnableSensitiveDataLogging'. System.Object GetValue(System.Linq.Expressions.Expression, System.String ByRef)    at Microsoft.EntityFrameworkCore.Query.Internal.ParameterExtractingExpressionVisitor.GetValue(Expression expression, String& parameterName)
   at Microsoft.EntityFrameworkCore.Query.Internal.ParameterExtractingExpressionVisitor.Evaluate(Expression expression, Boolean generateParameter)
   at Microsoft.EntityFrameworkCore.Query.Internal.ParameterExtractingExpressionVisitor.Visit(Expression expression)
   at System.Linq.Expressions.ExpressionVisitor.VisitBinary(BinaryExpression node)
   at Microsoft.EntityFrameworkCore.Query.Internal.ParameterExtractingExpressionVisitor.VisitBinary(BinaryExpression binaryExpression)
   at Microsoft.EntityFrameworkCore.Query.Internal.ParameterExtractingExpressionVisitor.Visit(Expression expression)
   at System.Linq.Expressions.ExpressionVisitor.VisitLambda[T](Expression`1 node)
   at Microsoft.EntityFrameworkCore.Query.Internal.ParameterExtractingExpressionVisitor.Visit(Expression expression)
   at System.Linq.Expressions.ExpressionVisitor.VisitUnary(UnaryExpression node)
   at Microsoft.EntityFrameworkCore.Query.Internal.ParameterExtractingExpressionVisitor.Visit(Expression expression)
   at System.Dynamic.Utils.ExpressionVisitorUtils.VisitArguments(ExpressionVisitor visitor, IArgumentProvider nodes)
   at System.Linq.Expressions.ExpressionVisitor.VisitMethodCall(MethodCallExpression node)
   at Microsoft.EntityFrameworkCore.Query.Internal.ParameterExtractingExpressionVisitor.Visit(Expression expression)
   at System.Dynamic.Utils.ExpressionVisitorUtils.VisitArguments(ExpressionVisitor visitor, IArgumentProvider nodes)
   at System.Linq.Expressions.ExpressionVisitor.VisitMethodCall(MethodCallExpression node)
   at Microsoft.EntityFrameworkCore.Query.Internal.ParameterExtractingExpressionVisitor.Visit(Expression expression)
   at System.Dynamic.Utils.ExpressionVisitorUtils.VisitArguments(ExpressionVisitor visitor, IArgumentProvider nodes)
   at System.Linq.Expressions.ExpressionVisitor.VisitMethodCall(MethodCallExpression node)
   at Microsoft.EntityFrameworkCore.Query.Internal.ParameterExtractingExpressionVisitor.Visit(Expression expression)
   at System.Dynamic.Utils.ExpressionVisitorUtils.VisitArguments(ExpressionVisitor visitor, IArgumentProvider nodes)
   at System.Linq.Expressions.ExpressionVisitor.VisitMethodCall(MethodCallExpression node)
   at Microsoft.EntityFrameworkCore.Query.Internal.ParameterExtractingExpressionVisitor.Visit(Expression expression)
   at Microsoft.EntityFrameworkCore.Query.Internal.ParameterExtractingExpressionVisitor.ExtractParameters(Expression expression, Boolean clearEvaluatedValues)
   at Microsoft.EntityFrameworkCore.Query.Internal.ParameterExtractingExpressionVisitor.ExtractParameters(Expression expression)
   at Microsoft.EntityFrameworkCore.Query.Internal.QueryCompiler.ExtractParameters(Expression query, IParameterValues parameterValues, IDiagnosticsLogger`1 logger, Boolean parameterize, Boolean generateContextAccessors)
   at Microsoft.EntityFrameworkCore.Query.Internal.QueryCompiler.ExecuteAsync[TResult](Expression query, CancellationToken cancellationToken)
   at Microsoft.EntityFrameworkCore.Query.Internal.EntityQueryProvider.ExecuteAsync[TResult](Expression expression, CancellationToken cancellationToken)
   at Microsoft.EntityFrameworkCore.Query.Internal.EntityQueryable`1.GetAsyncEnumerator(CancellationToken cancellationToken)
   at System.Runtime.CompilerServices.ConfiguredCancelableAsyncEnumerable`1.GetAsyncEnumerator()
   at Microsoft.EntityFrameworkCore.EntityFrameworkQueryableExtensions.ToListAsync[TSource](IQueryable`1 source, CancellationToken cancellationToken)
   at MDSoft.Data.Repository.Repositorio`1.EncontrarPor(ParametrosDeQuery`1 parametrosDeQuery, String IncluirPropiedades) in D:\Emanon\MDSoft - Milquiades\App\MDSoft.Tracking\MDSoft.Data\Repositorio.cs:line 102
NullReferenceException Object reference not set to an instance of an object. System.Type GetType()
2024-07-03 16:34:18 ERROR MDSoft.API.Controllers.ComprasProductosController.GetProductInCompraByReference - Void ThrowIfExceptional(Boolean) One or more errors occurred. (An exception was thrown while attempting to evaluate a LINQ query parameter expression. See the inner exception for more information. To show additional information call 'DbContextOptionsBuilder.EnableSensitiveDataLogging'.)
2024-07-03 16:34:31 ERROR Microsoft.AspNetCore.Diagnostics.DeveloperExceptionPageMiddlewareImpl.Invoke - An unhandled exception has occurred while executing the request.
EXCEPTION OCCURRED:System.InvalidOperationException An exception was thrown while attempting to evaluate a LINQ query parameter expression. See the inner exception for more information. To show additional information call 'DbContextOptionsBuilder.EnableSensitiveDataLogging'. System.Object GetValue(System.Linq.Expressions.Expression, System.String ByRef)    at Microsoft.EntityFrameworkCore.Query.Internal.ParameterExtractingExpressionVisitor.GetValue(Expression expression, String& parameterName)
   at Microsoft.EntityFrameworkCore.Query.Internal.ParameterExtractingExpressionVisitor.Evaluate(Expression expression, Boolean generateParameter)
   at Microsoft.EntityFrameworkCore.Query.Internal.ParameterExtractingExpressionVisitor.Visit(Expression expression)
   at System.Linq.Expressions.ExpressionVisitor.VisitBinary(BinaryExpression node)
   at Microsoft.EntityFrameworkCore.Query.Internal.ParameterExtractingExpressionVisitor.VisitBinary(BinaryExpression binaryExpression)
   at Microsoft.EntityFrameworkCore.Query.Internal.ParameterExtractingExpressionVisitor.Visit(Expression expression)
   at System.Linq.Expressions.ExpressionVisitor.VisitLambda[T](Expression`1 node)
   at Microsoft.EntityFrameworkCore.Query.Internal.ParameterExtractingExpressionVisitor.Visit(Expression expression)
   at System.Linq.Expressions.ExpressionVisitor.VisitUnary(UnaryExpression node)
   at Microsoft.EntityFrameworkCore.Query.Internal.ParameterExtractingExpressionVisitor.Visit(Expression expression)
   at System.Dynamic.Utils.ExpressionVisitorUtils.VisitArguments(ExpressionVisitor visitor, IArgumentProvider nodes)
   at System.Linq.Expressions.ExpressionVisitor.VisitMethodCall(MethodCallExpression node)
   at Microsoft.EntityFrameworkCore.Query.Internal.ParameterExtractingExpressionVisitor.Visit(Expression expression)
   at System.Dynamic.Utils.ExpressionVisitorUtils.VisitArguments(ExpressionVisitor visitor, IArgumentProvider nodes)
   at System.Linq.Expressions.ExpressionVisitor.VisitMethodCall(MethodCallExpression node)
   at Microsoft.EntityFrameworkCore.Query.Internal.ParameterExtractingExpressionVisitor.Visit(Expression expression)
   at System.Dynamic.Utils.ExpressionVisitorUtils.VisitArguments(ExpressionVisitor visitor, IArgumentProvider nodes)
   at System.Linq.Expressions.ExpressionVisitor.VisitMethodCall(MethodCallExpression node)
   at Microsoft.EntityFrameworkCore.Query.Internal.ParameterExtractingExpressionVisitor.Visit(Expression expression)
   at System.Dynamic.Utils.ExpressionVisitorUtils.VisitArguments(ExpressionVisitor visitor, IArgumentProvider nodes)
   at System.Linq.Expressions.ExpressionVisitor.VisitMethodCall(MethodCallExpression node)
   at Microsoft.EntityFrameworkCore.Query.Internal.ParameterExtractingExpressionVisitor.Visit(Expression expression)
   at Microsoft.EntityFrameworkCore.Query.Internal.ParameterExtractingExpressionVisitor.ExtractParameters(Expression expression, Boolean clearEvaluatedValues)
   at Microsoft.EntityFrameworkCore.Query.Internal.ParameterExtractingExpressionVisitor.ExtractParameters(Expression expression)
   at Microsoft.EntityFrameworkCore.Query.Internal.QueryCompiler.ExtractParameters(Expression query, IParameterValues parameterValues, IDiagnosticsLogger`1 logger, Boolean parameterize, Boolean generateContextAccessors)
   at Microsoft.EntityFrameworkCore.Query.Internal.QueryCompiler.ExecuteAsync[TResult](Expression query, CancellationToken cancellationToken)
   at Microsoft.EntityFrameworkCore.Query.Internal.EntityQueryProvider.ExecuteAsync[TResult](Expression expression, CancellationToken cancellationToken)
   at Microsoft.EntityFrameworkCore.Query.Internal.EntityQueryable`1.GetAsyncEnumerator(CancellationToken cancellationToken)
   at System.Runtime.CompilerServices.ConfiguredCancelableAsyncEnumerable`1.GetAsyncEnumerator()
   at Microsoft.EntityFrameworkCore.EntityFrameworkQueryableExtensions.ToListAsync[TSource](IQueryable`1 source, CancellationToken cancellationToken)
   at MDSoft.Data.Repository.Repositorio`1.EncontrarPor(ParametrosDeQuery`1 parametrosDeQuery, String IncluirPropiedades) in D:\Emanon\MDSoft - Milquiades\App\MDSoft.Tracking\MDSoft.Data\Repositorio.cs:line 102
NullReferenceException Object reference not set to an instance of an object. System.Type GetType()
2024-07-03 16:56:54 ERROR Microsoft.AspNetCore.Diagnostics.DeveloperExceptionPageMiddlewareImpl.Invoke - An unhandled exception has occurred while executing the request.
EXCEPTION OCCURRED:Microsoft.EntityFrameworkCore.DbUpdateException An error occurred while saving the entity changes. See the inner exception for details. Void MoveNext()    at Microsoft.EntityFrameworkCore.Update.ReaderModificationCommandBatch.ExecuteAsync(IRelationalConnection connection, CancellationToken cancellationToken)
   at Microsoft.EntityFrameworkCore.SqlServer.Update.Internal.SqlServerModificationCommandBatch.ExecuteAsync(IRelationalConnection connection, CancellationToken cancellationToken)
   at Microsoft.EntityFrameworkCore.Update.Internal.BatchExecutor.ExecuteAsync(IEnumerable`1 commandBatches, IRelationalConnection connection, CancellationToken cancellationToken)
   at Microsoft.EntityFrameworkCore.Update.Internal.BatchExecutor.ExecuteAsync(IEnumerable`1 commandBatches, IRelationalConnection connection, CancellationToken cancellationToken)
   at Microsoft.EntityFrameworkCore.Update.Internal.BatchExecutor.ExecuteAsync(IEnumerable`1 commandBatches, IRelationalConnection connection, CancellationToken cancellationToken)
   at Microsoft.EntityFrameworkCore.ChangeTracking.Internal.StateManager.SaveChangesAsync(IList`1 entriesToSave, CancellationToken cancellationToken)
   at Microsoft.EntityFrameworkCore.ChangeTracking.Internal.StateManager.SaveChangesAsync(StateManager stateManager, Boolean acceptAllChangesOnSuccess, CancellationToken cancellationToken)
   at Microsoft.EntityFrameworkCore.SqlServer.Storage.Internal.SqlServerExecutionStrategy.ExecuteAsync[TState,TResult](TState state, Func`4 operation, Func`4 verifySucceeded, CancellationToken cancellationToken)
   at Microsoft.EntityFrameworkCore.DbContext.SaveChangesAsync(Boolean acceptAllChangesOnSuccess, CancellationToken cancellationToken)
   at Microsoft.EntityFrameworkCore.DbContext.SaveChangesAsync(Boolean acceptAllChangesOnSuccess, CancellationToken cancellationToken)
   at MDSoft.Data.Repository.Repositorio`1.Agregar(T entidad) in D:\Emanon\MDSoft - Milquiades\App\MDSoft.Tracking\MDSoft.Data\Repositorio.cs:line 51
   at MDSoft.Tracking.Services.RecepcionServices.GuradarDetalle(RecepcionesComprasDetalleDTO recepcionDetalle) in D:\Emanon\MDSoft - Milquiades\App\MDSoft.Tracking\MDSoft.Services\RecepcionServices.cs:line 237
   at MDSoft.API.Controllers.RecepcionController.GuardarDetalle(RecepcionesComprasDetalleDTO recepcionCompraDetalle) in D:\Emanon\MDSoft - Milquiades\App\MDSoft.Tracking\MDSoft.API\Controllers\RecepcionController.cs:line 152
   at lambda_method77(Closure, Object)
   at Microsoft.AspNetCore.Mvc.Infrastructure.ActionMethodExecutor.AwaitableObjectResultExecutor.Execute(ActionContext actionContext, IActionResultTypeMapper mapper, ObjectMethodExecutor executor, Object controller, Object[] arguments)
   at Microsoft.AspNetCore.Mvc.Infrastructure.ControllerActionInvoker.<InvokeActionMethodAsync>g__Awaited|12_0(ControllerActionInvoker invoker, ValueTask`1 actionResultValueTask)
   at Microsoft.AspNetCore.Mvc.Infrastructure.ControllerActionInvoker.<InvokeNextActionFilterAsync>g__Awaited|10_0(ControllerActionInvoker invoker, Task lastTask, State next, Scope scope, Object state, Boolean isCompleted)
   at Microsoft.AspNetCore.Mvc.Infrastructure.ControllerActionInvoker.Rethrow(ActionExecutedContextSealed context)
   at Microsoft.AspNetCore.Mvc.Infrastructure.ControllerActionInvoker.Next(State& next, Scope& scope, Object& state, Boolean& isCompleted)
   at Microsoft.AspNetCore.Mvc.Infrastructure.ControllerActionInvoker.<InvokeInnerFilterAsync>g__Awaited|13_0(ControllerActionInvoker invoker, Task lastTask, State next, Scope scope, Object state, Boolean isCompleted)
   at Microsoft.AspNetCore.Mvc.Infrastructure.ResourceInvoker.<InvokeFilterPipelineAsync>g__Awaited|20_0(ResourceInvoker invoker, Task lastTask, State next, Scope scope, Object state, Boolean isCompleted)
   at Microsoft.AspNetCore.Mvc.Infrastructure.ResourceInvoker.<InvokeAsync>g__Awaited|17_0(ResourceInvoker invoker, Task task, IDisposable scope)
   at Microsoft.AspNetCore.Mvc.Infrastructure.ResourceInvoker.<InvokeAsync>g__Awaited|17_0(ResourceInvoker invoker, Task task, IDisposable scope)
   at Microsoft.AspNetCore.Routing.EndpointMiddleware.<Invoke>g__AwaitRequestTask|6_0(Endpoint endpoint, Task requestTask, ILogger logger)
   at Microsoft.AspNetCore.Authorization.AuthorizationMiddleware.Invoke(HttpContext context)
   at Microsoft.AspNetCore.Authorization.AuthorizationMiddleware.Invoke(HttpContext context)
   at Swashbuckle.AspNetCore.SwaggerUI.SwaggerUIMiddleware.Invoke(HttpContext httpContext)
   at Swashbuckle.AspNetCore.Swagger.SwaggerMiddleware.Invoke(HttpContext httpContext, ISwaggerProvider swaggerProvider)
   at Microsoft.AspNetCore.Authentication.AuthenticationMiddleware.Invoke(HttpContext context)
   at Microsoft.AspNetCore.Diagnostics.DeveloperExceptionPageMiddlewareImpl.Invoke(HttpContext context)
SqlException Violation of PRIMARY KEY constraint 'PK__LotesFer__303FB8CC9F3BA22D'. Cannot insert duplicate key in object 'dbo.LotesFermentacionDetalle'. The duplicate key value is (111111111111, 1).
The statement has been terminated. System.Data.Common.DbDataReader <ExecuteDbDataReaderAsync>b__211_0(System.Threading.Tasks.Task`1[Microsoft.Data.SqlClient.SqlDataReader])
2024-07-03 17:18:40 ERROR Microsoft.AspNetCore.Diagnostics.DeveloperExceptionPageMiddlewareImpl.Invoke - An unhandled exception has occurred while executing the request.
EXCEPTION OCCURRED:AutoMapper.AutoMapperMappingException Error mapping types.

Mapping types:
RecepcionesCompraDTO -> RecepcionesCompra
MDSoft.Tracking.Services.DTO.RecepcionesCompraDTO -> MDSoft.Tracking.Model.RecepcionesCompra

Type Map configuration:
RecepcionesCompraDTO -> RecepcionesCompra
MDSoft.Tracking.Services.DTO.RecepcionesCompraDTO -> MDSoft.Tracking.Model.RecepcionesCompra

Destination Member:
RecEstado
 MDSoft.Tracking.Model.RecepcionesCompra lambda_method389(System.Runtime.CompilerServices.Closure, System.Object, MDSoft.Tracking.Model.RecepcionesCompra, AutoMapper.ResolutionContext)    at lambda_method389(Closure, Object, RecepcionesCompra, ResolutionContext)
   at MDSoft.Tracking.Services.RecepcionServices.Guardar(RecepcionesCompraDTO recepcionCompra) in D:\Emanon\MDSoft - Milquiades\App\MDSoft.Tracking\MDSoft.Services\RecepcionServices.cs:line 107
   at MDSoft.Tracking.Services.RecepcionServices.GuradarDetalle(RecepcionesComprasDetalleDTO recepcionDetalle) in D:\Emanon\MDSoft - Milquiades\App\MDSoft.Tracking\MDSoft.Services\RecepcionServices.cs:line 257
   at MDSoft.API.Controllers.RecepcionController.GuardarDetalle(RecepcionesComprasDetalleDTO recepcionCompraDetalle) in D:\Emanon\MDSoft - Milquiades\App\MDSoft.Tracking\MDSoft.API\Controllers\RecepcionController.cs:line 152
   at lambda_method121(Closure, Object)
   at Microsoft.AspNetCore.Mvc.Infrastructure.ActionMethodExecutor.AwaitableObjectResultExecutor.Execute(ActionContext actionContext, IActionResultTypeMapper mapper, ObjectMethodExecutor executor, Object controller, Object[] arguments)
   at Microsoft.AspNetCore.Mvc.Infrastructure.ControllerActionInvoker.<InvokeActionMethodAsync>g__Awaited|12_0(ControllerActionInvoker invoker, ValueTask`1 actionResultValueTask)
   at Microsoft.AspNetCore.Mvc.Infrastructure.ControllerActionInvoker.<InvokeNextActionFilterAsync>g__Awaited|10_0(ControllerActionInvoker invoker, Task lastTask, State next, Scope scope, Object state, Boolean isCompleted)
   at Microsoft.AspNetCore.Mvc.Infrastructure.ControllerActionInvoker.Rethrow(ActionExecutedContextSealed context)
   at Microsoft.AspNetCore.Mvc.Infrastructure.ControllerActionInvoker.Next(State& next, Scope& scope, Object& state, Boolean& isCompleted)
   at Microsoft.AspNetCore.Mvc.Infrastructure.ControllerActionInvoker.<InvokeInnerFilterAsync>g__Awaited|13_0(ControllerActionInvoker invoker, Task lastTask, State next, Scope scope, Object state, Boolean isCompleted)
   at Microsoft.AspNetCore.Mvc.Infrastructure.ResourceInvoker.<InvokeFilterPipelineAsync>g__Awaited|20_0(ResourceInvoker invoker, Task lastTask, State next, Scope scope, Object state, Boolean isCompleted)
   at Microsoft.AspNetCore.Mvc.Infrastructure.ResourceInvoker.<InvokeAsync>g__Awaited|17_0(ResourceInvoker invoker, Task task, IDisposable scope)
   at Microsoft.AspNetCore.Mvc.Infrastructure.ResourceInvoker.<InvokeAsync>g__Awaited|17_0(ResourceInvoker invoker, Task task, IDisposable scope)
   at Microsoft.AspNetCore.Routing.EndpointMiddleware.<Invoke>g__AwaitRequestTask|6_0(Endpoint endpoint, Task requestTask, ILogger logger)
   at Microsoft.AspNetCore.Authorization.AuthorizationMiddleware.Invoke(HttpContext context)
   at Microsoft.AspNetCore.Authorization.AuthorizationMiddleware.Invoke(HttpContext context)
   at Swashbuckle.AspNetCore.SwaggerUI.SwaggerUIMiddleware.Invoke(HttpContext httpContext)
   at Swashbuckle.AspNetCore.Swagger.SwaggerMiddleware.Invoke(HttpContext httpContext, ISwaggerProvider swaggerProvider)
   at Microsoft.AspNetCore.Authentication.AuthenticationMiddleware.Invoke(HttpContext context)
   at Microsoft.AspNetCore.Diagnostics.DeveloperExceptionPageMiddlewareImpl.Invoke(HttpContext context)
FormatException The input string 'Prac' was not in a correct format. Void ThrowOverflowOrFormatException(ParsingStatus, System.ReadOnlySpan`1[System.Char], System.TypeCode)
2024-07-03 21:04:09 ERROR MDSoft.API.Controllers.ComprasProductosController.sp_GetComprasPendientes - ComprasProductos_sp_GetComprasPendientes Error mapping types.

Mapping types:
List`1 -> IEnumerable`1
System.Collections.Generic.List`1[[MDSoft.Tracking.Services.Repository.ComprasRepresentante, MDSoft.Tracking.Services, Version=1.0.0.0, Culture=neutral, PublicKeyToken=null]] -> System.Collections.Generic.IEnumerable`1[[MDSoft.Tracking.Services.DTO.ComprasProductoDTO, MDSoft.Tracking.Services, Version=1.0.0.0, Culture=neutral, PublicKeyToken=null]]
2024-07-03 21:04:19 ERROR Microsoft.AspNetCore.Diagnostics.DeveloperExceptionPageMiddlewareImpl.Invoke - An unhandled exception has occurred while executing the request.
EXCEPTION OCCURRED:AutoMapper.AutoMapperMappingException Error mapping types.

Mapping types:
List`1 -> IEnumerable`1
System.Collections.Generic.List`1[[MDSoft.Tracking.Services.Repository.ComprasRepresentante, MDSoft.Tracking.Services, Version=1.0.0.0, Culture=neutral, PublicKeyToken=null]] -> System.Collections.Generic.IEnumerable`1[[MDSoft.Tracking.Services.DTO.ComprasProductoDTO, MDSoft.Tracking.Services, Version=1.0.0.0, Culture=neutral, PublicKeyToken=null]] System.Collections.Generic.IEnumerable`1[MDSoft.Tracking.Services.DTO.ComprasProductoDTO] lambda_method49(System.Runtime.CompilerServices.Closure, System.Object, System.Collections.Generic.IEnumerable`1[MDSoft.Tracking.Services.DTO.ComprasProductoDTO], AutoMapper.ResolutionContext)    at lambda_method49(Closure, Object, IEnumerable`1, ResolutionContext)
   at MDSoft.Tracking.Services.ComprasProductosSevices.sp_GetComprasPendientes()
   at MDSoft.API.Controllers.ComprasProductosController.sp_GetComprasPendientes() in D:\Emanon\MDSoft - Milquiades\App\MDSoft.Tracking\MDSoft.API\Controllers\ComprasProductosController.cs:line 67
   at lambda_method53(Closure, Object)
   at Microsoft.AspNetCore.Mvc.Infrastructure.ActionMethodExecutor.AwaitableObjectResultExecutor.Execute(ActionContext actionContext, IActionResultTypeMapper mapper, ObjectMethodExecutor executor, Object controller, Object[] arguments)
   at Microsoft.AspNetCore.Mvc.Infrastructure.ControllerActionInvoker.<InvokeActionMethodAsync>g__Awaited|12_0(ControllerActionInvoker invoker, ValueTask`1 actionResultValueTask)
   at Microsoft.AspNetCore.Mvc.Infrastructure.ControllerActionInvoker.<InvokeNextActionFilterAsync>g__Awaited|10_0(ControllerActionInvoker invoker, Task lastTask, State next, Scope scope, Object state, Boolean isCompleted)
   at Microsoft.AspNetCore.Mvc.Infrastructure.ControllerActionInvoker.Rethrow(ActionExecutedContextSealed context)
   at Microsoft.AspNetCore.Mvc.Infrastructure.ControllerActionInvoker.Next(State& next, Scope& scope, Object& state, Boolean& isCompleted)
   at Microsoft.AspNetCore.Mvc.Infrastructure.ControllerActionInvoker.<InvokeInnerFilterAsync>g__Awaited|13_0(ControllerActionInvoker invoker, Task lastTask, State next, Scope scope, Object state, Boolean isCompleted)
   at Microsoft.AspNetCore.Mvc.Infrastructure.ResourceInvoker.<InvokeFilterPipelineAsync>g__Awaited|20_0(ResourceInvoker invoker, Task lastTask, State next, Scope scope, Object state, Boolean isCompleted)
   at Microsoft.AspNetCore.Mvc.Infrastructure.ResourceInvoker.<InvokeAsync>g__Awaited|17_0(ResourceInvoker invoker, Task task, IDisposable scope)
   at Microsoft.AspNetCore.Mvc.Infrastructure.ResourceInvoker.<InvokeAsync>g__Awaited|17_0(ResourceInvoker invoker, Task task, IDisposable scope)
   at Microsoft.AspNetCore.Routing.EndpointMiddleware.<Invoke>g__AwaitRequestTask|6_0(Endpoint endpoint, Task requestTask, ILogger logger)
   at Microsoft.AspNetCore.Authorization.AuthorizationMiddleware.Invoke(HttpContext context)
   at Microsoft.AspNetCore.Authorization.AuthorizationMiddleware.Invoke(HttpContext context)
   at Swashbuckle.AspNetCore.SwaggerUI.SwaggerUIMiddleware.Invoke(HttpContext httpContext)
   at Swashbuckle.AspNetCore.Swagger.SwaggerMiddleware.Invoke(HttpContext httpContext, ISwaggerProvider swaggerProvider)
   at Microsoft.AspNetCore.Authentication.AuthenticationMiddleware.Invoke(HttpContext context)
   at Microsoft.AspNetCore.Diagnostics.DeveloperExceptionPageMiddlewareImpl.Invoke(HttpContext context)
AutoMapperMappingException Error mapping types.

Mapping types:
ComprasRepresentante -> ComprasProductoDTO
MDSoft.Tracking.Services.Repository.ComprasRepresentante -> MDSoft.Tracking.Services.DTO.ComprasProductoDTO

Type Map configuration:
ComprasRepresentante -> ComprasProductoDTO
MDSoft.Tracking.Services.Repository.ComprasRepresentante -> MDSoft.Tracking.Services.DTO.ComprasProductoDTO

Destination Member:
ComCantidadDetalle
 System.Collections.Generic.IEnumerable`1[MDSoft.Tracking.Services.DTO.ComprasProductoDTO] lambda_method49(System.Runtime.CompilerServices.Closure, System.Object, System.Collections.Generic.IEnumerable`1[MDSoft.Tracking.Services.DTO.ComprasProductoDTO], AutoMapper.ResolutionContext)
MissingMethodException Attempted to invoke a deleted method implementation. This can happen when a method is deleted or its name or signature is changed while the application is running. Void set_ComCantidadDetalle(System.Nullable`1[System.Int32])
